<?xml version="1.0" encoding="UTF-8"?>
<testng-results ignored="0" total="1" passed="1" failed="0" skipped="0">
  <reporter-output>
  </reporter-output>
  <suite started-at="2023-09-16T13:02:51 IST" name="Surefire suite" finished-at="2023-09-16T13:02:57 IST" duration-ms="6388">
    <groups>
    </groups>
    <test started-at="2023-09-16T13:02:51 IST" name="Surefire test" finished-at="2023-09-16T13:02:57 IST" duration-ms="6388">
      <class name="com.GroupId.test.DemoTest">
        <test-method is-config="true" signature="startTest()[pri:0, instance:com.GroupId.test.DemoTest@6ad82709]" started-at="2023-09-16T13:02:51 IST" name="startTest" finished-at="2023-09-16T13:02:54 IST" duration-ms="3659" status="PASS">
          <reporter-output>
          </reporter-output>
        </test-method> <!-- startTest -->
        <test-method signature="demo_Testing01()[pri:0, instance:com.GroupId.test.DemoTest@6ad82709]" started-at="2023-09-16T13:02:54 IST" name="demo_Testing01" finished-at="2023-09-16T13:02:57 IST" duration-ms="2689" status="PASS">
          <reporter-output>
          </reporter-output>
        </test-method> <!-- demo_Testing01 -->
      </class> <!-- com.GroupId.test.DemoTest -->
    </test> <!-- Surefire test -->
  </suite> <!-- Surefire suite -->
</testng-results>
