<?xml version="1.0" encoding="UTF-8"?>
<testsuite xmlns:xsi="http://www.w3.org/2001/XMLSchema-instance" xsi:noNamespaceSchemaLocation="https://maven.apache.org/surefire/maven-surefire-plugin/xsd/surefire-test-report.xsd" name="TestSuite" time="6.94" tests="2" errors="0" skipped="0" failures="0">
  <properties>
[...]
</properties>
  <testcase name="demo_Testing01" classname="com.GroupId.test.DemoTest" time="2.69"/>
  <testcase name="shouldAnswerWithTrue on shouldAnswerWithTrue(com.GroupId.artifactID.AppTest)" classname="com.GroupId.artifactID.AppTest" time="0.001"/>
</testsuite>