<?xml version="1.0" encoding="UTF-8"?>
<testng-results ignored="2" total="6" passed="4" failed="0" skipped="0">
  <reporter-output>
  </reporter-output>
  <suite started-at="2023-09-25T14:44:20 IST" name="Practice Suite" finished-at="2023-09-25T14:44:38 IST" duration-ms="17232">
    <groups>
    </groups>
    <test started-at="2023-09-25T14:44:20 IST" name="Test Basics 1" finished-at="2023-09-25T14:44:32 IST" duration-ms="11993">
      <class name="com.GroupId.test.DemoTest">
        <test-method is-config="true" signature="beforeTest()[pri:0, instance:com.GroupId.test.DemoTest@4d154ccd]" started-at="2023-09-25T14:44:20 IST" name="beforeTest" finished-at="2023-09-25T14:44:20 IST" duration-ms="12" status="PASS">
          <reporter-output>
          </reporter-output>
        </test-method> <!-- beforeTest -->
        <test-method is-config="true" signature="startTest()[pri:0, instance:com.GroupId.test.DemoTest@4d154ccd]" started-at="2023-09-25T14:44:20 IST" name="startTest" finished-at="2023-09-25T14:44:23 IST" duration-ms="2618" status="PASS">
          <reporter-output>
          </reporter-output>
        </test-method> <!-- startTest -->
        <test-method signature="demo_Testing01()[pri:0, instance:com.GroupId.test.DemoTest@4d154ccd]" started-at="2023-09-25T14:44:23 IST" name="demo_Testing01" finished-at="2023-09-25T14:44:26 IST" duration-ms="2689" status="PASS">
          <reporter-output>
          </reporter-output>
        </test-method> <!-- demo_Testing01 -->
        <test-method signature="demo_Testing02()[pri:0, instance:com.GroupId.test.DemoTest@4d154ccd]" started-at="2023-09-25T14:44:26 IST" name="demo_Testing02" finished-at="2023-09-25T14:44:27 IST" duration-ms="843" status="PASS">
          <reporter-output>
          </reporter-output>
        </test-method> <!-- demo_Testing02 -->
        <test-method is-config="true" signature="CloseSession()[pri:0, instance:com.GroupId.test.DemoTest@4d154ccd]" started-at="2023-09-25T14:44:27 IST" name="CloseSession" finished-at="2023-09-25T14:44:27 IST" duration-ms="120" status="PASS">
          <reporter-output>
          </reporter-output>
        </test-method> <!-- CloseSession -->
        <test-method is-config="true" signature="afterTest()[pri:0, instance:com.GroupId.test.DemoTest@4d154ccd]" started-at="2023-09-25T14:44:32 IST" name="afterTest" finished-at="2023-09-25T14:44:32 IST" duration-ms="0" status="PASS">
          <reporter-output>
          </reporter-output>
        </test-method> <!-- afterTest -->
      </class> <!-- com.GroupId.test.DemoTest -->
      <class name="com.GroupId.test.DemoTest2">
        <test-method is-config="true" signature="startTest()[pri:0, instance:com.GroupId.test.DemoTest2@6340e5f0]" started-at="2023-09-25T14:44:27 IST" name="startTest" finished-at="2023-09-25T14:44:28 IST" duration-ms="1018" status="PASS">
          <reporter-output>
          </reporter-output>
        </test-method> <!-- startTest -->
        <test-method signature="demo_Testing01()[pri:0, instance:com.GroupId.test.DemoTest2@6340e5f0]" started-at="2023-09-25T14:44:28 IST" name="demo_Testing01" finished-at="2023-09-25T14:44:32 IST" duration-ms="4259" status="PASS">
          <reporter-output>
          </reporter-output>
        </test-method> <!-- demo_Testing01 -->
        <test-method is-config="true" signature="CloseSession()[pri:0, instance:com.GroupId.test.DemoTest2@6340e5f0]" started-at="2023-09-25T14:44:32 IST" name="CloseSession" finished-at="2023-09-25T14:44:32 IST" duration-ms="361" status="PASS">
          <reporter-output>
          </reporter-output>
        </test-method> <!-- CloseSession -->
      </class> <!-- com.GroupId.test.DemoTest2 -->
    </test> <!-- Test Basics 1 -->
    <test started-at="2023-09-25T14:44:32 IST" name="Test Basics 2" finished-at="2023-09-25T14:44:38 IST" duration-ms="5177">
      <class name="com.GroupId.test.DemoTest2">
        <test-method is-config="true" signature="beforeTest()[pri:0, instance:com.GroupId.test.DemoTest2@3b0fe47a]" started-at="2023-09-25T14:44:32 IST" name="beforeTest" finished-at="2023-09-25T14:44:32 IST" duration-ms="1" status="PASS">
          <reporter-output>
          </reporter-output>
        </test-method> <!-- beforeTest -->
        <test-method is-config="true" signature="startTest()[pri:0, instance:com.GroupId.test.DemoTest2@3b0fe47a]" started-at="2023-09-25T14:44:32 IST" name="startTest" finished-at="2023-09-25T14:44:34 IST" duration-ms="1208" status="PASS">
          <reporter-output>
          </reporter-output>
        </test-method> <!-- startTest -->
        <test-method signature="demo_Testing01()[pri:0, instance:com.GroupId.test.DemoTest2@3b0fe47a]" started-at="2023-09-25T14:44:34 IST" name="demo_Testing01" finished-at="2023-09-25T14:44:37 IST" duration-ms="3790" status="PASS">
          <reporter-output>
          </reporter-output>
        </test-method> <!-- demo_Testing01 -->
        <test-method is-config="true" signature="CloseSession()[pri:0, instance:com.GroupId.test.DemoTest2@3b0fe47a]" started-at="2023-09-25T14:44:37 IST" name="CloseSession" finished-at="2023-09-25T14:44:38 IST" duration-ms="170" status="PASS">
          <reporter-output>
          </reporter-output>
        </test-method> <!-- CloseSession -->
        <test-method is-config="true" signature="afterTest()[pri:0, instance:com.GroupId.test.DemoTest2@3b0fe47a]" started-at="2023-09-25T14:44:38 IST" name="afterTest" finished-at="2023-09-25T14:44:38 IST" duration-ms="1" status="PASS">
          <reporter-output>
          </reporter-output>
        </test-method> <!-- afterTest -->
      </class> <!-- com.GroupId.test.DemoTest2 -->
    </test> <!-- Test Basics 2 -->
  </suite> <!-- Practice Suite -->
</testng-results>
