<?xml version="1.0" encoding="UTF-8"?>
<testng-results ignored="0" total="1" passed="1" failed="0" skipped="0">
  <reporter-output>
  </reporter-output>
  <suite started-at="2023-09-17T16:52:16 IST" name="Practice Suite" finished-at="2023-09-17T16:52:23 IST" duration-ms="6950">
    <groups>
    </groups>
    <test started-at="2023-09-17T16:52:16 IST" name="Test Basics 1" finished-at="2023-09-17T16:52:23 IST" duration-ms="6950">
      <class name="com.GroupId.test.DemoTest">
        <test-method is-config="true" signature="startTest()[pri:0, instance:com.GroupId.test.DemoTest@3012646b]" started-at="2023-09-17T16:52:16 IST" name="startTest" finished-at="2023-09-17T16:52:21 IST" duration-ms="4318" status="PASS">
          <reporter-output>
          </reporter-output>
        </test-method> <!-- startTest -->
        <test-method signature="demo_Testing01()[pri:0, instance:com.GroupId.test.DemoTest@3012646b]" started-at="2023-09-17T16:52:21 IST" name="demo_Testing01" finished-at="2023-09-17T16:52:23 IST" duration-ms="2573" status="PASS">
          <reporter-output>
          </reporter-output>
        </test-method> <!-- demo_Testing01 -->
        <test-method is-config="true" signature="CloseSession()[pri:0, instance:com.GroupId.test.DemoTest@3012646b]" started-at="2023-09-17T16:52:23 IST" name="CloseSession" finished-at="2023-09-17T16:52:23 IST" duration-ms="1" status="PASS">
          <reporter-output>
          </reporter-output>
        </test-method> <!-- CloseSession -->
      </class> <!-- com.GroupId.test.DemoTest -->
    </test> <!-- Test Basics 1 -->
  </suite> <!-- Practice Suite -->
</testng-results>
