<?xml version="1.0" encoding="UTF-8"?>
<!-- Generated by org.testng.reporters.JUnitXMLReporter -->
<testsuite ignored="2" hostname="harshit" failures="0" tests="3" name="Test Basics 1" time="11.993" errors="0" timestamp="2023-09-25T14:44:32 IST">
  <testcase classname="com.GroupId.test.DemoTest" name="demo_Testing01" time="2.689"/>
  <testcase classname="com.GroupId.test.DemoTest" name="demo_Testing02" time="0.843"/>
  <testcase classname="com.GroupId.test.DemoTest2" name="demo_Testing01" time="4.259"/>
  <testcase classname="com.GroupId.utils.BaseTest" name="@BeforeTest beforeTest" time="0.0">
    <ignored/>
  </testcase> <!-- @BeforeTest beforeTest -->
  <testcase classname="com.GroupId.utils.BaseTest" name="@AfterTest afterTest" time="0.0">
    <ignored/>
  </testcase> <!-- @AfterTest afterTest -->
</testsuite> <!-- Test Basics 1 -->
