<?xml version="1.0" encoding="UTF-8"?>
<!-- Generated by org.testng.reporters.JUnitXMLReporter -->
<testsuite ignored="0" hostname="harshit" failures="0" tests="2" name="Test Basics 1" time="0.096" errors="0" timestamp="2023-09-28T21:27:38 IST">
  <testcase classname="com.GroupId.utils.BaseTest" name="@BeforeClass startTest" time="0.001">
    <failure type="java.lang.NoClassDefFoundError" message="com/GroupId/artifactID/WebDriverInitiator">
      <![CDATA[java.lang.NoClassDefFoundError: com/GroupId/artifactID/WebDriverInitiator
at com.GroupId.artifactID.TestSessionInitiator.<init>(TestSessionInitiator.java:16)
at com.GroupId.utils.BaseTest.startTest(BaseTest.java:35)
at java.base/java.util.ArrayList.forEach(ArrayList.java:1511)
Caused by: java.lang.ClassNotFoundException: com.GroupId.artifactID.WebDriverInitiator
at java.base/jdk.internal.loader.BuiltinClassLoader.loadClass(BuiltinClassLoader.java:641)
at java.base/jdk.internal.loader.ClassLoaders$AppClassLoader.loadClass(ClassLoaders.java:188)
at java.base/java.lang.ClassLoader.loadClass(ClassLoader.java:520)
... 28 more
... Removed 25 stack frames]]>
    </failure>
  </testcase> <!-- @BeforeClass startTest -->
  <testcase classname="com.GroupId.utils.BaseTest" name="@AfterClass CloseSession" time="0.0">
    <skipped/>
  </testcase> <!-- @AfterClass CloseSession -->
  <testcase classname="com.GroupId.test.DemoTest" name="demo_Testing01" time="0.0">
    <skipped/>
  </testcase> <!-- demo_Testing01 -->
  <testcase classname="com.GroupId.test.DemoTest" name="demo_Testing02" time="0.0">
    <skipped/>
  </testcase> <!-- demo_Testing02 -->
</testsuite> <!-- Test Basics 1 -->
